[09:49:59] [ServerMain/INFO]: Environment: authHost='https://authserver.mojang.com', accountsHost='https://api.mojang.com', sessionHost='https://sessionserver.mojang.com', servicesHost='https://api.minecraftservices.com', name='PROD'
[09:50:01] [ServerMain/INFO]: Loaded 7 recipes
[09:50:01] [ServerMain/INFO]: Loaded 1271 advancements
[09:50:01] [Server thread/INFO]: Starting minecraft server version 1.20.1
[09:50:01] [Server thread/INFO]: Loading properties
[09:50:01] [Server thread/INFO]: Default game type: SURVIVAL
[09:50:01] [Server thread/INFO]: Generating keypair
[09:50:01] [Server console handler/ERROR]: Exception handling console input
java.io.IOException: The handle is invalid
	at java.io.FileInputStream.readBytes(Native Method) ~[?:?]
	at java.io.FileInputStream.read(FileInputStream.java:293) ~[?:?]
	at java.io.BufferedInputStream.read1(BufferedInputStream.java:311) ~[?:?]
	at java.io.BufferedInputStream.implRead(BufferedInputStream.java:386) ~[?:?]
	at java.io.BufferedInputStream.read(BufferedInputStream.java:365) ~[?:?]
	at sun.nio.cs.StreamDecoder.readBytes(StreamDecoder.java:333) ~[?:?]
	at sun.nio.cs.StreamDecoder.implRead(StreamDecoder.java:376) ~[?:?]
	at sun.nio.cs.StreamDecoder.lockedRead(StreamDecoder.java:219) ~[?:?]
	at sun.nio.cs.StreamDecoder.read(StreamDecoder.java:173) ~[?:?]
	at java.io.InputStreamReader.read(InputStreamReader.java:189) ~[?:?]
	at java.io.BufferedReader.fill(BufferedReader.java:161) ~[?:?]
	at java.io.BufferedReader.implReadLine(BufferedReader.java:371) ~[?:?]
	at java.io.BufferedReader.readLine(BufferedReader.java:348) ~[?:?]
	at java.io.BufferedReader.readLine(BufferedReader.java:437) ~[?:?]
	at ahe$1.run(SourceFile:89) ~[server-1.20.1.jar:?]
[09:50:02] [Server thread/INFO]: Starting Minecraft server on *:25565
[09:50:02] [Server thread/INFO]: Using default channel type
[09:50:02] [Server thread/INFO]: Preparing level "world"
[09:50:05] [Server thread/INFO]: Preparing start region for dimension minecraft:overworld
[09:50:05] [Worker-Main-10/INFO]: Preparing spawn area: 0%
[09:50:05] [Worker-Main-7/INFO]: Preparing spawn area: 0%
[09:50:06] [Worker-Main-10/INFO]: Preparing spawn area: 0%
[09:50:06] [Worker-Main-9/INFO]: Preparing spawn area: 0%
[09:50:07] [Worker-Main-2/INFO]: Preparing spawn area: 0%
[09:50:07] [Worker-Main-7/INFO]: Preparing spawn area: 1%
[09:50:08] [Worker-Main-2/INFO]: Preparing spawn area: 3%
[09:50:08] [Worker-Main-1/INFO]: Preparing spawn area: 5%
[09:50:09] [Worker-Main-8/INFO]: Preparing spawn area: 6%
[09:50:09] [Worker-Main-6/INFO]: Preparing spawn area: 9%
[09:50:10] [Worker-Main-11/INFO]: Preparing spawn area: 10%
[09:50:10] [Worker-Main-4/INFO]: Preparing spawn area: 13%
[09:50:11] [Worker-Main-10/INFO]: Preparing spawn area: 16%
[09:50:11] [Worker-Main-10/INFO]: Preparing spawn area: 18%
[09:50:12] [Worker-Main-5/INFO]: Preparing spawn area: 22%
[09:50:12] [Worker-Main-8/INFO]: Preparing spawn area: 25%
[09:50:13] [Worker-Main-7/INFO]: Preparing spawn area: 28%
[09:50:13] [Worker-Main-3/INFO]: Preparing spawn area: 32%
[09:50:14] [Worker-Main-8/INFO]: Preparing spawn area: 35%
[09:50:15] [Worker-Main-9/INFO]: Preparing spawn area: 39%
[09:50:15] [Worker-Main-9/INFO]: Preparing spawn area: 39%
[09:50:15] [Worker-Main-9/INFO]: Preparing spawn area: 39%
[09:50:16] [Worker-Main-7/INFO]: Preparing spawn area: 41%
[09:50:16] [Worker-Main-9/INFO]: Preparing spawn area: 44%
[09:50:17] [Worker-Main-1/INFO]: Preparing spawn area: 47%
[09:50:17] [Worker-Main-4/INFO]: Preparing spawn area: 52%
[09:50:18] [Worker-Main-6/INFO]: Preparing spawn area: 56%
[09:50:18] [Worker-Main-9/INFO]: Preparing spawn area: 60%
[09:50:19] [Worker-Main-5/INFO]: Preparing spawn area: 65%
[09:50:19] [Worker-Main-1/INFO]: Preparing spawn area: 69%
[09:50:20] [Worker-Main-2/INFO]: Preparing spawn area: 73%
[09:50:20] [Worker-Main-8/INFO]: Preparing spawn area: 79%
[09:50:21] [Worker-Main-11/INFO]: Preparing spawn area: 83%
[09:50:21] [Worker-Main-9/INFO]: Preparing spawn area: 86%
[09:50:22] [Worker-Main-8/INFO]: Preparing spawn area: 91%
[09:50:22] [Worker-Main-7/INFO]: Preparing spawn area: 97%
[09:50:22] [Server thread/INFO]: Time elapsed: 17717 ms
[09:50:22] [Server thread/INFO]: Done (20.616s)! For help, type "help"
[09:50:38] [Server thread/INFO]: Stopping the server
[09:50:38] [Server thread/INFO]: Stopping server
[09:50:38] [Server thread/INFO]: Saving players
[09:50:38] [Server thread/INFO]: Saving worlds
[09:50:38] [Server thread/INFO]: Saving chunks for level 'ServerLevel[world]'/minecraft:overworld
[09:50:39] [Server thread/INFO]: Saving chunks for level 'ServerLevel[world]'/minecraft:the_end
[09:50:39] [Server thread/INFO]: Saving chunks for level 'ServerLevel[world]'/minecraft:the_nether
[09:50:39] [Server thread/INFO]: ThreadedAnvilChunkStorage (world): All chunks are saved
[09:50:39] [Server thread/INFO]: ThreadedAnvilChunkStorage (DIM1): All chunks are saved
[09:50:39] [Server thread/INFO]: ThreadedAnvilChunkStorage (DIM-1): All chunks are saved
[09:50:39] [Server thread/INFO]: ThreadedAnvilChunkStorage: All dimensions are saved
